app/build/intermediates/manifest_merge_blame_file/debug/manifest-merger-blame-debug-report.txt
1<?xml version="1.0" encoding="utf-8"?>
2<manifest xmlns:android="http://schemas.android.com/apk/res/android"
3    package="com.example.napoleonitapp"
4    android:versionCode="1"
5    android:versionName="1.0" >
6
7    <uses-sdk
8        android:minSdkVersion="16"
8-->src\main\AndroidManifest.xml
9        android:targetSdkVersion="30" />
9-->src\main\AndroidManifest.xml
10
11    <uses-permission android:name="android.permission.INTERNET" />
11-->src\main\AndroidManifest.xml:5:5-67
11-->src\main\AndroidManifest.xml:5:22-64
12    <uses-permission android:name="android.permission.ACCESS_WIFI_STATE" />
12-->src\main\AndroidManifest.xml:6:5-75
12-->src\main\AndroidManifest.xml:6:22-73
13    <uses-permission android:name="android.permission.ACCESS_NETWORK_STATE" />
13-->src\main\AndroidManifest.xml:7:5-79
13-->src\main\AndroidManifest.xml:7:22-76
14    <uses-permission android:name="android.permission.READ_CONTACTS" />
14-->src\main\AndroidManifest.xml:8:5-72
14-->src\main\AndroidManifest.xml:8:22-69
15    <uses-permission android:name="android.permission.BLUETOOTH" />
15-->src\main\AndroidManifest.xml:9:5-68
15-->src\main\AndroidManifest.xml:9:22-65
16    <uses-permission android:name="android.permission.ACCESS_FINE_LOCATION" />
16-->src\main\AndroidManifest.xml:10:5-79
16-->src\main\AndroidManifest.xml:10:22-76
17    <uses-permission android:name="android.permission.CAMERA" />
17-->src\main\AndroidManifest.xml:11:5-65
17-->src\main\AndroidManifest.xml:11:22-62
18    <uses-permission android:name="android.permission.SEND_SMS" />
18-->src\main\AndroidManifest.xml:12:5-67
18-->src\main\AndroidManifest.xml:12:22-64
19
20    <application
20-->src\main\AndroidManifest.xml:13:5-28:19
21        android:allowBackup="true"
21-->src\main\AndroidManifest.xml:14:9-35
22        android:appComponentFactory="androidx.core.app.CoreComponentFactory"
22-->[androidx.core:core:1.3.2] AndroidManifest.xml:24:18-86
23        android:debuggable="true"
24        android:icon="@mipmap/ic_launcher"
24-->src\main\AndroidManifest.xml:15:9-43
25        android:label="@string/app_name"
25-->src\main\AndroidManifest.xml:16:9-41
26        android:roundIcon="@mipmap/ic_launcher_round"
26-->src\main\AndroidManifest.xml:17:9-54
27        android:supportsRtl="true"
27-->src\main\AndroidManifest.xml:18:9-35
28        android:testOnly="true"
29        android:theme="@style/AppTheme" >
29-->src\main\AndroidManifest.xml:19:9-40
30        <activity
30-->src\main\AndroidManifest.xml:20:9-27:20
31            android:name="com.example.napoleonitapp.MainActivity"
31-->src\main\AndroidManifest.xml:20:19-47
32            android:screenOrientation="portrait" >
32-->src\main\AndroidManifest.xml:21:13-49
33            <intent-filter>
33-->src\main\AndroidManifest.xml:22:13-26:29
34                <action android:name="android.intent.action.MAIN" />
34-->src\main\AndroidManifest.xml:23:17-69
34-->src\main\AndroidManifest.xml:23:25-66
35
36                <category android:name="android.intent.category.LAUNCHER" />
36-->src\main\AndroidManifest.xml:25:17-77
36-->src\main\AndroidManifest.xml:25:27-74
37            </intent-filter>
38        </activity>
39    </application>
40
41</manifest>